\BOOKMARK [1][-]{section.1}{\376\377\000C\000r\000e\000a\000t\000i\000n\000g\000\040\000a\000n\000\040\000o\000b\000j\000e\000c\000t\000\040\000w\000i\000t\000h\000\040\000a\000\040\000c\000l\000a\000s\000s\000\040\000\050\000b\000a\000s\000i\000c\000\051\000:}{}% 1
\BOOKMARK [1][-]{section.2}{\376\377\000C\000r\000e\000a\000t\000i\000n\000g\000\040\000t\000h\000e\000\040\000f\000i\000r\000s\000t\000\040\000m\000e\000t\000h\000o\000d}{}% 2
\BOOKMARK [1][-]{section.3}{\376\377\000S\000e\000l\000f}{}% 3
\BOOKMARK [1][-]{section.4}{\376\377\000M\000a\000g\000i\000c\000\040\000M\000e\000t\000h\000o\000d\000s\000:}{}% 4
\BOOKMARK [1][-]{section.5}{\376\377\000S\000i\000m\000p\000l\000i\000f\000i\000c\000a\000t\000i\000o\000n\000\040\000/\000\040\000I\000m\000p\000r\000o\000v\000e\000m\000e\000n\000t\000\040\000o\000f\000\040\000o\000b\000j\000e\000c\000t\000s\000:}{}% 5
\BOOKMARK [1][-]{section.6}{\376\377\000D\000e\000l\000i\000m\000i\000t\000i\000n\000g\000\040\000d\000a\000t\000a\000\040\000t\000y\000p\000e\000s\000\040\000i\000n\000\040\000t\000h\000e\000\040\000c\000l\000a\000s\000s\000\040\000a\000t\000t\000r\000i\000b\000u\000t\000e\000s\000.}{}% 6
\BOOKMARK [1][-]{section.7}{\376\377\000A\000s\000s\000e\000r\000t\000i\000o\000n\000\040\000E\000r\000r\000o\000r\000:\000\040\000T\000e\000c\000h\000n\000i\000c\000k\000\040\000t\000o\000\040\000f\000i\000n\000d\000\040\000q\000u\000i\000c\000k\000l\000i\000e\000r\000\040\000t\000h\000e\000\040\000e\000r\000r\000o\000r\000s\000\040\000i\000n\000\040\000t\000h\000e\000\040\000o\000b\000j\000e\000c\000t\000s\000\040\000i\000n\000p\000u\000t}{}% 7
\BOOKMARK [1][-]{section.8}{\376\377\000C\000l\000a\000s\000s\000\040\000A\000t\000t\000r\000i\000b\000u\000t\000e\000s}{}% 8
\BOOKMARK [1][-]{section.9}{\376\377\000M\000a\000g\000i\000c\000\040\000A\000t\000t\000r\000i\000u\000t\000e\000:}{}% 9
\BOOKMARK [1][-]{section.10}{\376\377\000A\000c\000c\000e\000s\000s\000i\000n\000g\000\040\000a\000\040\000c\000l\000a\000s\000s\000\040\000a\000t\000t\000r\000i\000b\000u\000t\000e\000\040\000f\000r\000o\000m\000\040\000a\000\040\000m\000e\000t\000h\000o\000d}{}% 10
\BOOKMARK [1][-]{section.11}{\376\377\000M\000o\000d\000i\000f\000y\000\040\000a\000\040\000c\000l\000a\000s\000s\000\040\000a\000t\000t\000r\000i\000b\000u\000t\000e\000\040\000f\000o\000r\000\040\000a\000n\000\040\000s\000p\000e\000c\000i\000f\000i\000c\000\040\000i\000n\000s\000t\000a\000n\000c\000e}{}% 11
\BOOKMARK [1][-]{section.12}{\376\377\000W\000o\000r\000k\000i\000n\000g\000\040\000w\000i\000t\000h\000\040\000m\000u\000l\000t\000i\000p\000l\000e\000\040\000i\000n\000s\000t\000a\000n\000c\000e\000s\000:}{}% 12
\BOOKMARK [1][-]{section.13}{\376\377\000M\000a\000g\000i\000c\000\040\000M\000e\000t\000h\000o\000d\000:\000\040\000\137\000\137\000r\000e\000p\000r\000\137\000\137}{}% 13
\BOOKMARK [1][-]{section.14}{\376\377\000C\000l\000a\000s\000s\000\040\000M\000e\000t\000h\000o\000d}{}% 14
\BOOKMARK [1][-]{section.15}{\376\377\000C\000r\000e\000a\000t\000i\000n\000g\000\040\000i\000n\000s\000t\000a\000n\000c\000e\000s\000\040\000u\000s\000i\000n\000g\000\040\000t\000h\000e\000\040\000c\000l\000a\000s\000s\000\040\000m\000e\000t\000h\000o\000d\000:}{}% 15
\BOOKMARK [1][-]{section.16}{\376\377\000S\000t\000a\000t\000i\000c\000\040\000M\000e\000t\000h\000o\000d}{}% 16
\BOOKMARK [1][-]{section.17}{\376\377\000s\000t\000a\000t\000i\000c\000\040\000M\000e\000t\000h\000o\000d\000\040\000v\000s\000\040\000c\000l\000a\000s\000s\000\040\000M\000e\000t\000h\000o\000d}{}% 17
\BOOKMARK [1][-]{section.18}{\376\377\000I\000n\000h\000e\000r\000i\000t\000a\000n\000c\000e}{}% 18
\BOOKMARK [1][-]{section.19}{\376\377\000P\000a\000r\000e\000n\000t\000\040\000C\000l\000a\000s\000s\000e\000s}{}% 19
\BOOKMARK [1][-]{section.20}{\376\377\000S\000u\000p\000e\000r}{}% 20
\BOOKMARK [1][-]{section.21}{\376\377\000S\000e\000p\000a\000r\000a\000t\000i\000n\000g\000\040\000t\000h\000e\000\040\000o\000b\000j\000e\000c\000t\000s\000\040\000f\000r\000o\000m\000\040\000e\000a\000c\000h\000\040\000c\000l\000a\000s\000s}{}% 21
\BOOKMARK [1][-]{section.22}{\376\377\000M\000o\000r\000e\000\040\000u\000s\000e\000s\000\040\000o\000f\000\040\000t\000h\000e\000\040\000s\000u\000p\000e\000r\000\040\000f\000u\000n\000c\000t\000i\000o\000n}{}% 22
\BOOKMARK [1][-]{section.23}{\376\377\000G\000e\000t\000t\000e\000r\000s\000\040\000a\000n\000d\000\040\000S\000e\000t\000t\000e\000r\000s}{}% 23
\BOOKMARK [1][-]{section.24}{\376\377\000E\000n\000c\000a\000p\000s\000u\000l\000a\000t\000i\000o\000n}{}% 24
\BOOKMARK [1][-]{section.25}{\376\377\000S\000e\000t\000t\000e\000r}{}% 25
\BOOKMARK [1][-]{section.26}{\376\377\000s\000e\000t\000t\000e\000r\000s\000:\000\040\000I\000n\000c\000l\000u\000d\000i\000n\000g\000\040\000r\000e\000s\000t\000r\000i\000c\000t\000i\000o\000n\000s\000\040\000a\000n\000d\000\040\000l\000i\000m\000i\000t\000a\000t\000i\000o\000n\000s}{}% 26
\BOOKMARK [1][-]{section.27}{\376\377\000O\000O\000B}{}% 27
\BOOKMARK [1][-]{section.28}{\376\377\000E\000n\000c\000a\000p\000s\000u\000l\000a\000t\000i\000o\000n}{}% 28
